<html>
<head>
<title>TestNG:  Regression</title>
<link href="../testng.css" rel="stylesheet" type="text/css" />
<link href="../my-testng.css" rel="stylesheet" type="text/css" />

<style type="text/css">
.log { display: none;} 
.stack-trace { display: none;} 
</style>
<script type="text/javascript">
<!--
function flip(e) {
  current = e.style.display;
  if (current == 'block') {
    e.style.display = 'none';
    return 0;
  }
  else {
    e.style.display = 'block';
    return 1;
  }
}

function toggleBox(szDivId, elem, msg1, msg2)
{
  var res = -1;  if (document.getElementById) {
    res = flip(document.getElementById(szDivId));
  }
  else if (document.all) {
    // this is the way old msie versions work
    res = flip(document.all[szDivId]);
  }
  if(elem) {
    if(res == 0) elem.innerHTML = msg1; else elem.innerHTML = msg2;
  }

}

function toggleAllBoxes() {
  if (document.getElementsByTagName) {
    d = document.getElementsByTagName('div');
    for (i = 0; i < d.length; i++) {
      if (d[i].className == 'log') {
        flip(d[i]);
      }
    }
  }
}

// -->
</script>

</head>
<body>
<h2 align='center'>Regression</h2><table border='1' align="center">
<tr>
<td>Tests passed/Failed/Skipped:</td><td>0/0/3</td>
</tr><tr>
<td>Started on:</td><td>Sat Sep 12 15:04:39 ADT 2020</td>
</tr>
<tr><td>Total time:</td><td>3 seconds (3405 ms)</td>
</tr><tr>
<td>Included groups:</td><td></td>
</tr><tr>
<td>Excluded groups:</td><td></td>
</tr>
</table><p/>
<small><i>(Hover the method name to see the test class name)</i></small><p/>
<table width='100%' border='1' class='invocation-failed'>
<tr><td colspan='4' align='center'><b>FAILED CONFIGURATIONS</b></td></tr>
<tr><td><b>Test method</b></td>
<td width="30%"><b>Exception</b></td>
<td width="10%"><b>Time (seconds)</b></td>
<td><b>Instance</b></td>
</tr>
<tr>
<td title='home.Home_Regression.beforeTest()'><b>beforeTest</b><br>Test class: home.Home_Regression<br>Parameters: chrome</td>
<td><div><pre>java.lang.AssertionError: session not created: This version of ChromeDriver only supports Chrome version 83
Build info: version: &apos;3.141.59&apos;, revision: &apos;e82be7d358&apos;, time: &apos;2018-11-14T08:17:03&apos;
System info: host: &apos;LAPTOP-2N9QPVCQ&apos;, ip: &apos;169.254.2.126&apos;, os.name: &apos;Windows 10&apos;, os.arch: &apos;amd64&apos;, os.version: &apos;10.0&apos;, java.version: &apos;1.8.0_261&apos;
Driver info: driver.version: ChromeDriver
remote stacktrace: Backtrace:
	Ordinal0 [0x00D29563+2725219]
	Ordinal0 [0x00C28551+1672529]
	Ordinal0 [0x00B10359+525145]
	Ordinal0 [0x00AA0B77+68471]
	Ordinal0 [0x00A9D32C+54060]
	Ordinal0 [0x00ABCC37+183351]
	Ordinal0 [0x00ABCA3D+182845]
	Ordinal0 [0x00ABA94B+174411]
	Ordinal0 [0x00AA2528+75048]
	Ordinal0 [0x00AA35A0+79264]
	Ordinal0 [0x00AA3539+79161]
	Ordinal0 [0x00C3D607+1758727]
	GetHandleVerifier [0x00E46546+1050150]
	GetHandleVerifier [0x00E46291+1049457]
	GetHandleVerifier [0x00E510D7+1094071]
	GetHandleVerifier [0x00E46B46+1051686]
	Ordinal0 [0x00C35B06+1727238]
	Ordinal0 [0x00C3EB7B+1764219]
	Ordinal0 [0x00C3ECE3+1764579]
	Ordinal0 [0x00C54C05+1854469]
	BaseThreadInitThunk [0x76A86359+25]
	RtlGetAppContainerNamedObjectPath [0x774C7C24+228]
	RtlGetAppContainerNamedObjectPath [0x774C7BF4+180]

	at utils.DriverInitialization.beforeTest(DriverInitialization.java:163)
... Removed 27 stack frames</pre></div><a href='#' onClick='toggleBox("stack-trace1171434979", this, "Click to show all stack frames", "Click to hide stack frames")'>Click to show all stack frames</a>
<div class='stack-trace' id='stack-trace1171434979'><pre>java.lang.AssertionError: session not created: This version of ChromeDriver only supports Chrome version 83
Build info: version: &apos;3.141.59&apos;, revision: &apos;e82be7d358&apos;, time: &apos;2018-11-14T08:17:03&apos;
System info: host: &apos;LAPTOP-2N9QPVCQ&apos;, ip: &apos;169.254.2.126&apos;, os.name: &apos;Windows 10&apos;, os.arch: &apos;amd64&apos;, os.version: &apos;10.0&apos;, java.version: &apos;1.8.0_261&apos;
Driver info: driver.version: ChromeDriver
remote stacktrace: Backtrace:
	Ordinal0 [0x00D29563+2725219]
	Ordinal0 [0x00C28551+1672529]
	Ordinal0 [0x00B10359+525145]
	Ordinal0 [0x00AA0B77+68471]
	Ordinal0 [0x00A9D32C+54060]
	Ordinal0 [0x00ABCC37+183351]
	Ordinal0 [0x00ABCA3D+182845]
	Ordinal0 [0x00ABA94B+174411]
	Ordinal0 [0x00AA2528+75048]
	Ordinal0 [0x00AA35A0+79264]
	Ordinal0 [0x00AA3539+79161]
	Ordinal0 [0x00C3D607+1758727]
	GetHandleVerifier [0x00E46546+1050150]
	GetHandleVerifier [0x00E46291+1049457]
	GetHandleVerifier [0x00E510D7+1094071]
	GetHandleVerifier [0x00E46B46+1051686]
	Ordinal0 [0x00C35B06+1727238]
	Ordinal0 [0x00C3EB7B+1764219]
	Ordinal0 [0x00C3ECE3+1764579]
	Ordinal0 [0x00C54C05+1854469]
	BaseThreadInitThunk [0x76A86359+25]
	RtlGetAppContainerNamedObjectPath [0x774C7C24+228]
	RtlGetAppContainerNamedObjectPath [0x774C7BF4+180]

	at org.testng.Assert.fail(Assert.java:93)
	at utils.DriverInitialization.beforeTest(DriverInitialization.java:163)
	at sun.reflect.NativeMethodAccessorImpl.invoke0(Native Method)
	at sun.reflect.NativeMethodAccessorImpl.invoke(NativeMethodAccessorImpl.java:62)
	at sun.reflect.DelegatingMethodAccessorImpl.invoke(DelegatingMethodAccessorImpl.java:43)
	at java.lang.reflect.Method.invoke(Method.java:498)
	at org.testng.internal.MethodInvocationHelper.invokeMethod(MethodInvocationHelper.java:108)
	at org.testng.internal.Invoker.invokeConfigurationMethod(Invoker.java:523)
	at org.testng.internal.Invoker.invokeConfigurations(Invoker.java:224)
	at org.testng.internal.Invoker.invokeConfigurations(Invoker.java:146)
	at org.testng.internal.TestMethodWorker.invokeBeforeClassMethods(TestMethodWorker.java:166)
	at org.testng.internal.TestMethodWorker.run(TestMethodWorker.java:105)
	at org.testng.TestRunner.privateRun(TestRunner.java:744)
	at org.testng.TestRunner.run(TestRunner.java:602)
	at org.testng.SuiteRunner.runTest(SuiteRunner.java:380)
	at org.testng.SuiteRunner.runSequentially(SuiteRunner.java:375)
	at org.testng.SuiteRunner.privateRun(SuiteRunner.java:340)
	at org.testng.SuiteRunner.run(SuiteRunner.java:289)
	at org.testng.SuiteRunnerWorker.runSuite(SuiteRunnerWorker.java:52)
	at org.testng.SuiteRunnerWorker.run(SuiteRunnerWorker.java:86)
	at org.testng.TestNG.runSuitesSequentially(TestNG.java:1301)
	at org.testng.TestNG.runSuitesSequentially(TestNG.java:1297)
	at org.testng.TestNG.runSuitesLocally(TestNG.java:1226)
	at org.testng.TestNG.runSuites(TestNG.java:1144)
	at org.testng.TestNG.run(TestNG.java:1115)
	at org.testng.remote.AbstractRemoteTestNG.run(AbstractRemoteTestNG.java:114)
	at org.testng.remote.RemoteTestNG.initAndRun(RemoteTestNG.java:251)
	at org.testng.remote.RemoteTestNG.main(RemoteTestNG.java:77)
</pre></div></td>
<td>3</td>
<td>home.Home_Regression@78e67e0a</td></tr>
</table><p>
<table width='100%' border='1' class='invocation-skipped'>
<tr><td colspan='4' align='center'><b>SKIPPED CONFIGURATIONS</b></td></tr>
<tr><td><b>Test method</b></td>
<td width="30%"><b>Exception</b></td>
<td width="10%"><b>Time (seconds)</b></td>
<td><b>Instance</b></td>
</tr>
<tr>
<td title='home.Home_Regression.initialization()'><b>initialization</b><br>Test class: home.Home_Regression</td>
<td></td>
<td>0</td>
<td>home.Home_Regression@78e67e0a</td></tr>
<tr>
<td title='home.Home_Regression.BeforeMethod()'><b>BeforeMethod</b><br>Test class: home.Home_Regression</td>
<td></td>
<td>0</td>
<td>home.Home_Regression@78e67e0a</td></tr>
<tr>
<td title='home.Home_Regression.BeforeMethod()'><b>BeforeMethod</b><br>Test class: home.Home_Regression</td>
<td></td>
<td>0</td>
<td>home.Home_Regression@78e67e0a</td></tr>
<tr>
<td title='home.Home_Regression.BeforeMethod()'><b>BeforeMethod</b><br>Test class: home.Home_Regression</td>
<td></td>
<td>0</td>
<td>home.Home_Regression@78e67e0a</td></tr>
</table><p>
<table width='100%' border='1' class='invocation-skipped'>
<tr><td colspan='4' align='center'><b>SKIPPED TESTS</b></td></tr>
<tr><td><b>Test method</b></td>
<td width="30%"><b>Exception</b></td>
<td width="10%"><b>Time (seconds)</b></td>
<td><b>Instance</b></td>
</tr>
<tr>
<td title='home.Home_Regression.validateCartFunctionality()'><b>validateCartFunctionality</b><br>Test class: home.Home_Regression<br>Test method: Validate cart functionality</td>
<td><div><pre>java.lang.AssertionError: session not created: This version of ChromeDriver only supports Chrome version 83
Build info: version: &apos;3.141.59&apos;, revision: &apos;e82be7d358&apos;, time: &apos;2018-11-14T08:17:03&apos;
System info: host: &apos;LAPTOP-2N9QPVCQ&apos;, ip: &apos;169.254.2.126&apos;, os.name: &apos;Windows 10&apos;, os.arch: &apos;amd64&apos;, os.version: &apos;10.0&apos;, java.version: &apos;1.8.0_261&apos;
Driver info: driver.version: ChromeDriver
remote stacktrace: Backtrace:
	Ordinal0 [0x00D29563+2725219]
	Ordinal0 [0x00C28551+1672529]
	Ordinal0 [0x00B10359+525145]
	Ordinal0 [0x00AA0B77+68471]
	Ordinal0 [0x00A9D32C+54060]
	Ordinal0 [0x00ABCC37+183351]
	Ordinal0 [0x00ABCA3D+182845]
	Ordinal0 [0x00ABA94B+174411]
	Ordinal0 [0x00AA2528+75048]
	Ordinal0 [0x00AA35A0+79264]
	Ordinal0 [0x00AA3539+79161]
	Ordinal0 [0x00C3D607+1758727]
	GetHandleVerifier [0x00E46546+1050150]
	GetHandleVerifier [0x00E46291+1049457]
	GetHandleVerifier [0x00E510D7+1094071]
	GetHandleVerifier [0x00E46B46+1051686]
	Ordinal0 [0x00C35B06+1727238]
	Ordinal0 [0x00C3EB7B+1764219]
	Ordinal0 [0x00C3ECE3+1764579]
	Ordinal0 [0x00C54C05+1854469]
	BaseThreadInitThunk [0x76A86359+25]
	RtlGetAppContainerNamedObjectPath [0x774C7C24+228]
	RtlGetAppContainerNamedObjectPath [0x774C7BF4+180]

	at utils.DriverInitialization.beforeTest(DriverInitialization.java:163)
... Removed 27 stack frames</pre></div><a href='#' onClick='toggleBox("stack-trace1332691311", this, "Click to show all stack frames", "Click to hide stack frames")'>Click to show all stack frames</a>
<div class='stack-trace' id='stack-trace1332691311'><pre>java.lang.AssertionError: session not created: This version of ChromeDriver only supports Chrome version 83
Build info: version: &apos;3.141.59&apos;, revision: &apos;e82be7d358&apos;, time: &apos;2018-11-14T08:17:03&apos;
System info: host: &apos;LAPTOP-2N9QPVCQ&apos;, ip: &apos;169.254.2.126&apos;, os.name: &apos;Windows 10&apos;, os.arch: &apos;amd64&apos;, os.version: &apos;10.0&apos;, java.version: &apos;1.8.0_261&apos;
Driver info: driver.version: ChromeDriver
remote stacktrace: Backtrace:
	Ordinal0 [0x00D29563+2725219]
	Ordinal0 [0x00C28551+1672529]
	Ordinal0 [0x00B10359+525145]
	Ordinal0 [0x00AA0B77+68471]
	Ordinal0 [0x00A9D32C+54060]
	Ordinal0 [0x00ABCC37+183351]
	Ordinal0 [0x00ABCA3D+182845]
	Ordinal0 [0x00ABA94B+174411]
	Ordinal0 [0x00AA2528+75048]
	Ordinal0 [0x00AA35A0+79264]
	Ordinal0 [0x00AA3539+79161]
	Ordinal0 [0x00C3D607+1758727]
	GetHandleVerifier [0x00E46546+1050150]
	GetHandleVerifier [0x00E46291+1049457]
	GetHandleVerifier [0x00E510D7+1094071]
	GetHandleVerifier [0x00E46B46+1051686]
	Ordinal0 [0x00C35B06+1727238]
	Ordinal0 [0x00C3EB7B+1764219]
	Ordinal0 [0x00C3ECE3+1764579]
	Ordinal0 [0x00C54C05+1854469]
	BaseThreadInitThunk [0x76A86359+25]
	RtlGetAppContainerNamedObjectPath [0x774C7C24+228]
	RtlGetAppContainerNamedObjectPath [0x774C7BF4+180]

	at org.testng.Assert.fail(Assert.java:93)
	at utils.DriverInitialization.beforeTest(DriverInitialization.java:163)
	at sun.reflect.NativeMethodAccessorImpl.invoke0(Native Method)
	at sun.reflect.NativeMethodAccessorImpl.invoke(NativeMethodAccessorImpl.java:62)
	at sun.reflect.DelegatingMethodAccessorImpl.invoke(DelegatingMethodAccessorImpl.java:43)
	at java.lang.reflect.Method.invoke(Method.java:498)
	at org.testng.internal.MethodInvocationHelper.invokeMethod(MethodInvocationHelper.java:108)
	at org.testng.internal.Invoker.invokeConfigurationMethod(Invoker.java:523)
	at org.testng.internal.Invoker.invokeConfigurations(Invoker.java:224)
	at org.testng.internal.Invoker.invokeConfigurations(Invoker.java:146)
	at org.testng.internal.TestMethodWorker.invokeBeforeClassMethods(TestMethodWorker.java:166)
	at org.testng.internal.TestMethodWorker.run(TestMethodWorker.java:105)
	at org.testng.TestRunner.privateRun(TestRunner.java:744)
	at org.testng.TestRunner.run(TestRunner.java:602)
	at org.testng.SuiteRunner.runTest(SuiteRunner.java:380)
	at org.testng.SuiteRunner.runSequentially(SuiteRunner.java:375)
	at org.testng.SuiteRunner.privateRun(SuiteRunner.java:340)
	at org.testng.SuiteRunner.run(SuiteRunner.java:289)
	at org.testng.SuiteRunnerWorker.runSuite(SuiteRunnerWorker.java:52)
	at org.testng.SuiteRunnerWorker.run(SuiteRunnerWorker.java:86)
	at org.testng.TestNG.runSuitesSequentially(TestNG.java:1301)
	at org.testng.TestNG.runSuitesSequentially(TestNG.java:1297)
	at org.testng.TestNG.runSuitesLocally(TestNG.java:1226)
	at org.testng.TestNG.runSuites(TestNG.java:1144)
	at org.testng.TestNG.run(TestNG.java:1115)
	at org.testng.remote.AbstractRemoteTestNG.run(AbstractRemoteTestNG.java:114)
	at org.testng.remote.RemoteTestNG.initAndRun(RemoteTestNG.java:251)
	at org.testng.remote.RemoteTestNG.main(RemoteTestNG.java:77)
</pre></div></td>
<td>0</td>
<td>home.Home_Regression@78e67e0a</td></tr>
<tr>
<td title='home.Home_Regression.validateLogoutFunctionality()'><b>validateLogoutFunctionality</b><br>Test class: home.Home_Regression<br>Test method: Validate Logout Functionality</td>
<td><div><pre>java.lang.AssertionError: session not created: This version of ChromeDriver only supports Chrome version 83
Build info: version: &apos;3.141.59&apos;, revision: &apos;e82be7d358&apos;, time: &apos;2018-11-14T08:17:03&apos;
System info: host: &apos;LAPTOP-2N9QPVCQ&apos;, ip: &apos;169.254.2.126&apos;, os.name: &apos;Windows 10&apos;, os.arch: &apos;amd64&apos;, os.version: &apos;10.0&apos;, java.version: &apos;1.8.0_261&apos;
Driver info: driver.version: ChromeDriver
remote stacktrace: Backtrace:
	Ordinal0 [0x00D29563+2725219]
	Ordinal0 [0x00C28551+1672529]
	Ordinal0 [0x00B10359+525145]
	Ordinal0 [0x00AA0B77+68471]
	Ordinal0 [0x00A9D32C+54060]
	Ordinal0 [0x00ABCC37+183351]
	Ordinal0 [0x00ABCA3D+182845]
	Ordinal0 [0x00ABA94B+174411]
	Ordinal0 [0x00AA2528+75048]
	Ordinal0 [0x00AA35A0+79264]
	Ordinal0 [0x00AA3539+79161]
	Ordinal0 [0x00C3D607+1758727]
	GetHandleVerifier [0x00E46546+1050150]
	GetHandleVerifier [0x00E46291+1049457]
	GetHandleVerifier [0x00E510D7+1094071]
	GetHandleVerifier [0x00E46B46+1051686]
	Ordinal0 [0x00C35B06+1727238]
	Ordinal0 [0x00C3EB7B+1764219]
	Ordinal0 [0x00C3ECE3+1764579]
	Ordinal0 [0x00C54C05+1854469]
	BaseThreadInitThunk [0x76A86359+25]
	RtlGetAppContainerNamedObjectPath [0x774C7C24+228]
	RtlGetAppContainerNamedObjectPath [0x774C7BF4+180]

	at utils.DriverInitialization.beforeTest(DriverInitialization.java:163)
... Removed 27 stack frames</pre></div><a href='#' onClick='toggleBox("stack-trace1215904751", this, "Click to show all stack frames", "Click to hide stack frames")'>Click to show all stack frames</a>
<div class='stack-trace' id='stack-trace1215904751'><pre>java.lang.AssertionError: session not created: This version of ChromeDriver only supports Chrome version 83
Build info: version: &apos;3.141.59&apos;, revision: &apos;e82be7d358&apos;, time: &apos;2018-11-14T08:17:03&apos;
System info: host: &apos;LAPTOP-2N9QPVCQ&apos;, ip: &apos;169.254.2.126&apos;, os.name: &apos;Windows 10&apos;, os.arch: &apos;amd64&apos;, os.version: &apos;10.0&apos;, java.version: &apos;1.8.0_261&apos;
Driver info: driver.version: ChromeDriver
remote stacktrace: Backtrace:
	Ordinal0 [0x00D29563+2725219]
	Ordinal0 [0x00C28551+1672529]
	Ordinal0 [0x00B10359+525145]
	Ordinal0 [0x00AA0B77+68471]
	Ordinal0 [0x00A9D32C+54060]
	Ordinal0 [0x00ABCC37+183351]
	Ordinal0 [0x00ABCA3D+182845]
	Ordinal0 [0x00ABA94B+174411]
	Ordinal0 [0x00AA2528+75048]
	Ordinal0 [0x00AA35A0+79264]
	Ordinal0 [0x00AA3539+79161]
	Ordinal0 [0x00C3D607+1758727]
	GetHandleVerifier [0x00E46546+1050150]
	GetHandleVerifier [0x00E46291+1049457]
	GetHandleVerifier [0x00E510D7+1094071]
	GetHandleVerifier [0x00E46B46+1051686]
	Ordinal0 [0x00C35B06+1727238]
	Ordinal0 [0x00C3EB7B+1764219]
	Ordinal0 [0x00C3ECE3+1764579]
	Ordinal0 [0x00C54C05+1854469]
	BaseThreadInitThunk [0x76A86359+25]
	RtlGetAppContainerNamedObjectPath [0x774C7C24+228]
	RtlGetAppContainerNamedObjectPath [0x774C7BF4+180]

	at org.testng.Assert.fail(Assert.java:93)
	at utils.DriverInitialization.beforeTest(DriverInitialization.java:163)
	at sun.reflect.NativeMethodAccessorImpl.invoke0(Native Method)
	at sun.reflect.NativeMethodAccessorImpl.invoke(NativeMethodAccessorImpl.java:62)
	at sun.reflect.DelegatingMethodAccessorImpl.invoke(DelegatingMethodAccessorImpl.java:43)
	at java.lang.reflect.Method.invoke(Method.java:498)
	at org.testng.internal.MethodInvocationHelper.invokeMethod(MethodInvocationHelper.java:108)
	at org.testng.internal.Invoker.invokeConfigurationMethod(Invoker.java:523)
	at org.testng.internal.Invoker.invokeConfigurations(Invoker.java:224)
	at org.testng.internal.Invoker.invokeConfigurations(Invoker.java:146)
	at org.testng.internal.TestMethodWorker.invokeBeforeClassMethods(TestMethodWorker.java:166)
	at org.testng.internal.TestMethodWorker.run(TestMethodWorker.java:105)
	at org.testng.TestRunner.privateRun(TestRunner.java:744)
	at org.testng.TestRunner.run(TestRunner.java:602)
	at org.testng.SuiteRunner.runTest(SuiteRunner.java:380)
	at org.testng.SuiteRunner.runSequentially(SuiteRunner.java:375)
	at org.testng.SuiteRunner.privateRun(SuiteRunner.java:340)
	at org.testng.SuiteRunner.run(SuiteRunner.java:289)
	at org.testng.SuiteRunnerWorker.runSuite(SuiteRunnerWorker.java:52)
	at org.testng.SuiteRunnerWorker.run(SuiteRunnerWorker.java:86)
	at org.testng.TestNG.runSuitesSequentially(TestNG.java:1301)
	at org.testng.TestNG.runSuitesSequentially(TestNG.java:1297)
	at org.testng.TestNG.runSuitesLocally(TestNG.java:1226)
	at org.testng.TestNG.runSuites(TestNG.java:1144)
	at org.testng.TestNG.run(TestNG.java:1115)
	at org.testng.remote.AbstractRemoteTestNG.run(AbstractRemoteTestNG.java:114)
	at org.testng.remote.RemoteTestNG.initAndRun(RemoteTestNG.java:251)
	at org.testng.remote.RemoteTestNG.main(RemoteTestNG.java:77)
</pre></div></td>
<td>0</td>
<td>home.Home_Regression@78e67e0a</td></tr>
<tr>
<td title='home.Home_Regression.validateWishListItemFunctionality()'><b>validateWishListItemFunctionality</b><br>Test class: home.Home_Regression<br>Test method: Validate wishlist item functionality</td>
<td><div><pre>java.lang.AssertionError: session not created: This version of ChromeDriver only supports Chrome version 83
Build info: version: &apos;3.141.59&apos;, revision: &apos;e82be7d358&apos;, time: &apos;2018-11-14T08:17:03&apos;
System info: host: &apos;LAPTOP-2N9QPVCQ&apos;, ip: &apos;169.254.2.126&apos;, os.name: &apos;Windows 10&apos;, os.arch: &apos;amd64&apos;, os.version: &apos;10.0&apos;, java.version: &apos;1.8.0_261&apos;
Driver info: driver.version: ChromeDriver
remote stacktrace: Backtrace:
	Ordinal0 [0x00D29563+2725219]
	Ordinal0 [0x00C28551+1672529]
	Ordinal0 [0x00B10359+525145]
	Ordinal0 [0x00AA0B77+68471]
	Ordinal0 [0x00A9D32C+54060]
	Ordinal0 [0x00ABCC37+183351]
	Ordinal0 [0x00ABCA3D+182845]
	Ordinal0 [0x00ABA94B+174411]
	Ordinal0 [0x00AA2528+75048]
	Ordinal0 [0x00AA35A0+79264]
	Ordinal0 [0x00AA3539+79161]
	Ordinal0 [0x00C3D607+1758727]
	GetHandleVerifier [0x00E46546+1050150]
	GetHandleVerifier [0x00E46291+1049457]
	GetHandleVerifier [0x00E510D7+1094071]
	GetHandleVerifier [0x00E46B46+1051686]
	Ordinal0 [0x00C35B06+1727238]
	Ordinal0 [0x00C3EB7B+1764219]
	Ordinal0 [0x00C3ECE3+1764579]
	Ordinal0 [0x00C54C05+1854469]
	BaseThreadInitThunk [0x76A86359+25]
	RtlGetAppContainerNamedObjectPath [0x774C7C24+228]
	RtlGetAppContainerNamedObjectPath [0x774C7BF4+180]

	at utils.DriverInitialization.beforeTest(DriverInitialization.java:163)
... Removed 27 stack frames</pre></div><a href='#' onClick='toggleBox("stack-trace630028734", this, "Click to show all stack frames", "Click to hide stack frames")'>Click to show all stack frames</a>
<div class='stack-trace' id='stack-trace630028734'><pre>java.lang.AssertionError: session not created: This version of ChromeDriver only supports Chrome version 83
Build info: version: &apos;3.141.59&apos;, revision: &apos;e82be7d358&apos;, time: &apos;2018-11-14T08:17:03&apos;
System info: host: &apos;LAPTOP-2N9QPVCQ&apos;, ip: &apos;169.254.2.126&apos;, os.name: &apos;Windows 10&apos;, os.arch: &apos;amd64&apos;, os.version: &apos;10.0&apos;, java.version: &apos;1.8.0_261&apos;
Driver info: driver.version: ChromeDriver
remote stacktrace: Backtrace:
	Ordinal0 [0x00D29563+2725219]
	Ordinal0 [0x00C28551+1672529]
	Ordinal0 [0x00B10359+525145]
	Ordinal0 [0x00AA0B77+68471]
	Ordinal0 [0x00A9D32C+54060]
	Ordinal0 [0x00ABCC37+183351]
	Ordinal0 [0x00ABCA3D+182845]
	Ordinal0 [0x00ABA94B+174411]
	Ordinal0 [0x00AA2528+75048]
	Ordinal0 [0x00AA35A0+79264]
	Ordinal0 [0x00AA3539+79161]
	Ordinal0 [0x00C3D607+1758727]
	GetHandleVerifier [0x00E46546+1050150]
	GetHandleVerifier [0x00E46291+1049457]
	GetHandleVerifier [0x00E510D7+1094071]
	GetHandleVerifier [0x00E46B46+1051686]
	Ordinal0 [0x00C35B06+1727238]
	Ordinal0 [0x00C3EB7B+1764219]
	Ordinal0 [0x00C3ECE3+1764579]
	Ordinal0 [0x00C54C05+1854469]
	BaseThreadInitThunk [0x76A86359+25]
	RtlGetAppContainerNamedObjectPath [0x774C7C24+228]
	RtlGetAppContainerNamedObjectPath [0x774C7BF4+180]

	at org.testng.Assert.fail(Assert.java:93)
	at utils.DriverInitialization.beforeTest(DriverInitialization.java:163)
	at sun.reflect.NativeMethodAccessorImpl.invoke0(Native Method)
	at sun.reflect.NativeMethodAccessorImpl.invoke(NativeMethodAccessorImpl.java:62)
	at sun.reflect.DelegatingMethodAccessorImpl.invoke(DelegatingMethodAccessorImpl.java:43)
	at java.lang.reflect.Method.invoke(Method.java:498)
	at org.testng.internal.MethodInvocationHelper.invokeMethod(MethodInvocationHelper.java:108)
	at org.testng.internal.Invoker.invokeConfigurationMethod(Invoker.java:523)
	at org.testng.internal.Invoker.invokeConfigurations(Invoker.java:224)
	at org.testng.internal.Invoker.invokeConfigurations(Invoker.java:146)
	at org.testng.internal.TestMethodWorker.invokeBeforeClassMethods(TestMethodWorker.java:166)
	at org.testng.internal.TestMethodWorker.run(TestMethodWorker.java:105)
	at org.testng.TestRunner.privateRun(TestRunner.java:744)
	at org.testng.TestRunner.run(TestRunner.java:602)
	at org.testng.SuiteRunner.runTest(SuiteRunner.java:380)
	at org.testng.SuiteRunner.runSequentially(SuiteRunner.java:375)
	at org.testng.SuiteRunner.privateRun(SuiteRunner.java:340)
	at org.testng.SuiteRunner.run(SuiteRunner.java:289)
	at org.testng.SuiteRunnerWorker.runSuite(SuiteRunnerWorker.java:52)
	at org.testng.SuiteRunnerWorker.run(SuiteRunnerWorker.java:86)
	at org.testng.TestNG.runSuitesSequentially(TestNG.java:1301)
	at org.testng.TestNG.runSuitesSequentially(TestNG.java:1297)
	at org.testng.TestNG.runSuitesLocally(TestNG.java:1226)
	at org.testng.TestNG.runSuites(TestNG.java:1144)
	at org.testng.TestNG.run(TestNG.java:1115)
	at org.testng.remote.AbstractRemoteTestNG.run(AbstractRemoteTestNG.java:114)
	at org.testng.remote.RemoteTestNG.initAndRun(RemoteTestNG.java:251)
	at org.testng.remote.RemoteTestNG.main(RemoteTestNG.java:77)
</pre></div></td>
<td>0</td>
<td>home.Home_Regression@78e67e0a</td></tr>
</table><p>
</body>
</html>