<!DOCTYPE html PUBLIC "-//W3C//DTD XHTML 1.1//EN" "http://www.w3.org/TR/xhtml11/DTD/xhtml11.dtd">
<html xmlns="http://www.w3.org/1999/xhtml"><head><title>TestNG Report</title><style type="text/css">table {margin-bottom:10px;border-collapse:collapse;empty-cells:show}th,td {border:1px solid #009;padding:.25em .5em}th {vertical-align:bottom}td {vertical-align:top}table a {font-weight:bold}.stripe td {background-color: #E6EBF9}.num {text-align:right}.passedodd td {background-color: #3F3}.passedeven td {background-color: #0A0}.skippedodd td {background-color: #DDD}.skippedeven td {background-color: #CCC}.failedodd td,.attn {background-color: #F33}.failedeven td,.stripe .attn {background-color: #D00}.stacktrace {white-space:pre;font-family:monospace}.totop {font-size:85%;text-align:center;border-bottom:2px solid #000}</style></head><body><table><tr><th>Test</th><th># Passed</th><th># Skipped</th><th># Failed</th><th>Time (ms)</th><th>Included Groups</th><th>Excluded Groups</th></tr><tr><th colspan="7">Regression</th></tr><tr><td><a href="#t0">Regression</a></td><td class="num">0</td><td class="num attn">3</td><td class="num">0</td><td class="num">3,405</td><td></td><td></td></tr><tr><th colspan="7">AutomationSuite</th></tr></table><table id='summary'><thead><tr><th>Class</th><th>Method</th><th>Start</th><th>Time (ms)</th></tr></thead><tbody><tr><th colspan="4">Regression</th></tr></tbody><tbody id="t0"><tr><th colspan="4">Regression &#8212; failed (configuration methods)</th></tr><tr class="failedeven"><td rowspan="1">home.Home_Regression</td><td><a href="#m0">beforeTest</a></td><td rowspan="1">1599933879252</td><td rowspan="1">3189</td></tr><tr><th colspan="4">Regression &#8212; skipped (configuration methods)</th></tr><tr class="skippedeven"><td rowspan="4">home.Home_Regression</td><td><a href="#m1">BeforeMethod</a></td><td rowspan="3">1599933882497</td><td rowspan="3">0</td></tr><tr class="skippedeven"><td><a href="#m2">BeforeMethod</a></td></tr><tr class="skippedeven"><td><a href="#m3">BeforeMethod</a></td></tr><tr class="skippedeven"><td><a href="#m4">initialization</a></td><td rowspan="1">1599933882458</td><td rowspan="1">0</td></tr><tr><th colspan="4">Regression &#8212; skipped</th></tr><tr class="skippedeven"><td rowspan="3">home.Home_Regression</td><td><a href="#m5">validateCartFunctionality</a></td><td rowspan="1">1599933882501</td><td rowspan="1">0</td></tr><tr class="skippedeven"><td><a href="#m6">validateLogoutFunctionality</a></td><td rowspan="1">1599933882523</td><td rowspan="1">0</td></tr><tr class="skippedeven"><td><a href="#m7">validateWishListItemFunctionality</a></td><td rowspan="1">1599933882487</td><td rowspan="1">1</td></tr></tbody><tbody><tr><th colspan="4">AutomationSuite</th></tr></tbody></table><h2>Regression</h2><h3 id="m0">home.Home_Regression#beforeTest</h3><table class="result"><tr class="param"><th>Parameter #1</th></tr><tr class="param stripe"><td>chrome</td></tr><tr><th>Exception</th></tr><tr><td><div class="stacktrace">java.lang.AssertionError: session not created: This version of ChromeDriver only supports Chrome version 83
Build info: version: &apos;3.141.59&apos;, revision: &apos;e82be7d358&apos;, time: &apos;2018-11-14T08:17:03&apos;
System info: host: &apos;LAPTOP-2N9QPVCQ&apos;, ip: &apos;169.254.2.126&apos;, os.name: &apos;Windows 10&apos;, os.arch: &apos;amd64&apos;, os.version: &apos;10.0&apos;, java.version: &apos;1.8.0_261&apos;
Driver info: driver.version: ChromeDriver
remote stacktrace: Backtrace:
	Ordinal0 [0x00D29563+2725219]
	Ordinal0 [0x00C28551+1672529]
	Ordinal0 [0x00B10359+525145]
	Ordinal0 [0x00AA0B77+68471]
	Ordinal0 [0x00A9D32C+54060]
	Ordinal0 [0x00ABCC37+183351]
	Ordinal0 [0x00ABCA3D+182845]
	Ordinal0 [0x00ABA94B+174411]
	Ordinal0 [0x00AA2528+75048]
	Ordinal0 [0x00AA35A0+79264]
	Ordinal0 [0x00AA3539+79161]
	Ordinal0 [0x00C3D607+1758727]
	GetHandleVerifier [0x00E46546+1050150]
	GetHandleVerifier [0x00E46291+1049457]
	GetHandleVerifier [0x00E510D7+1094071]
	GetHandleVerifier [0x00E46B46+1051686]
	Ordinal0 [0x00C35B06+1727238]
	Ordinal0 [0x00C3EB7B+1764219]
	Ordinal0 [0x00C3ECE3+1764579]
	Ordinal0 [0x00C54C05+1854469]
	BaseThreadInitThunk [0x76A86359+25]
	RtlGetAppContainerNamedObjectPath [0x774C7C24+228]
	RtlGetAppContainerNamedObjectPath [0x774C7BF4+180]

	at utils.DriverInitialization.beforeTest(DriverInitialization.java:163)
... Removed 27 stack frames</div></td></tr></table><p class="totop"><a href="#summary">back to summary</a></p><h3 id="m1">home.Home_Regression#BeforeMethod</h3><table class="result"></table><p class="totop"><a href="#summary">back to summary</a></p><h3 id="m2">home.Home_Regression#BeforeMethod</h3><table class="result"></table><p class="totop"><a href="#summary">back to summary</a></p><h3 id="m3">home.Home_Regression#BeforeMethod</h3><table class="result"></table><p class="totop"><a href="#summary">back to summary</a></p><h3 id="m4">home.Home_Regression#initialization</h3><table class="result"></table><p class="totop"><a href="#summary">back to summary</a></p><h3 id="m5">home.Home_Regression#validateCartFunctionality</h3><table class="result"><tr><th>Exception</th></tr><tr><td><div class="stacktrace">java.lang.AssertionError: session not created: This version of ChromeDriver only supports Chrome version 83
Build info: version: &apos;3.141.59&apos;, revision: &apos;e82be7d358&apos;, time: &apos;2018-11-14T08:17:03&apos;
System info: host: &apos;LAPTOP-2N9QPVCQ&apos;, ip: &apos;169.254.2.126&apos;, os.name: &apos;Windows 10&apos;, os.arch: &apos;amd64&apos;, os.version: &apos;10.0&apos;, java.version: &apos;1.8.0_261&apos;
Driver info: driver.version: ChromeDriver
remote stacktrace: Backtrace:
	Ordinal0 [0x00D29563+2725219]
	Ordinal0 [0x00C28551+1672529]
	Ordinal0 [0x00B10359+525145]
	Ordinal0 [0x00AA0B77+68471]
	Ordinal0 [0x00A9D32C+54060]
	Ordinal0 [0x00ABCC37+183351]
	Ordinal0 [0x00ABCA3D+182845]
	Ordinal0 [0x00ABA94B+174411]
	Ordinal0 [0x00AA2528+75048]
	Ordinal0 [0x00AA35A0+79264]
	Ordinal0 [0x00AA3539+79161]
	Ordinal0 [0x00C3D607+1758727]
	GetHandleVerifier [0x00E46546+1050150]
	GetHandleVerifier [0x00E46291+1049457]
	GetHandleVerifier [0x00E510D7+1094071]
	GetHandleVerifier [0x00E46B46+1051686]
	Ordinal0 [0x00C35B06+1727238]
	Ordinal0 [0x00C3EB7B+1764219]
	Ordinal0 [0x00C3ECE3+1764579]
	Ordinal0 [0x00C54C05+1854469]
	BaseThreadInitThunk [0x76A86359+25]
	RtlGetAppContainerNamedObjectPath [0x774C7C24+228]
	RtlGetAppContainerNamedObjectPath [0x774C7BF4+180]

	at utils.DriverInitialization.beforeTest(DriverInitialization.java:163)
... Removed 27 stack frames</div></td></tr></table><p class="totop"><a href="#summary">back to summary</a></p><h3 id="m6">home.Home_Regression#validateLogoutFunctionality</h3><table class="result"><tr><th>Exception</th></tr><tr><td><div class="stacktrace">java.lang.AssertionError: session not created: This version of ChromeDriver only supports Chrome version 83
Build info: version: &apos;3.141.59&apos;, revision: &apos;e82be7d358&apos;, time: &apos;2018-11-14T08:17:03&apos;
System info: host: &apos;LAPTOP-2N9QPVCQ&apos;, ip: &apos;169.254.2.126&apos;, os.name: &apos;Windows 10&apos;, os.arch: &apos;amd64&apos;, os.version: &apos;10.0&apos;, java.version: &apos;1.8.0_261&apos;
Driver info: driver.version: ChromeDriver
remote stacktrace: Backtrace:
	Ordinal0 [0x00D29563+2725219]
	Ordinal0 [0x00C28551+1672529]
	Ordinal0 [0x00B10359+525145]
	Ordinal0 [0x00AA0B77+68471]
	Ordinal0 [0x00A9D32C+54060]
	Ordinal0 [0x00ABCC37+183351]
	Ordinal0 [0x00ABCA3D+182845]
	Ordinal0 [0x00ABA94B+174411]
	Ordinal0 [0x00AA2528+75048]
	Ordinal0 [0x00AA35A0+79264]
	Ordinal0 [0x00AA3539+79161]
	Ordinal0 [0x00C3D607+1758727]
	GetHandleVerifier [0x00E46546+1050150]
	GetHandleVerifier [0x00E46291+1049457]
	GetHandleVerifier [0x00E510D7+1094071]
	GetHandleVerifier [0x00E46B46+1051686]
	Ordinal0 [0x00C35B06+1727238]
	Ordinal0 [0x00C3EB7B+1764219]
	Ordinal0 [0x00C3ECE3+1764579]
	Ordinal0 [0x00C54C05+1854469]
	BaseThreadInitThunk [0x76A86359+25]
	RtlGetAppContainerNamedObjectPath [0x774C7C24+228]
	RtlGetAppContainerNamedObjectPath [0x774C7BF4+180]

	at utils.DriverInitialization.beforeTest(DriverInitialization.java:163)
... Removed 27 stack frames</div></td></tr></table><p class="totop"><a href="#summary">back to summary</a></p><h3 id="m7">home.Home_Regression#validateWishListItemFunctionality</h3><table class="result"><tr><th>Exception</th></tr><tr><td><div class="stacktrace">java.lang.AssertionError: session not created: This version of ChromeDriver only supports Chrome version 83
Build info: version: &apos;3.141.59&apos;, revision: &apos;e82be7d358&apos;, time: &apos;2018-11-14T08:17:03&apos;
System info: host: &apos;LAPTOP-2N9QPVCQ&apos;, ip: &apos;169.254.2.126&apos;, os.name: &apos;Windows 10&apos;, os.arch: &apos;amd64&apos;, os.version: &apos;10.0&apos;, java.version: &apos;1.8.0_261&apos;
Driver info: driver.version: ChromeDriver
remote stacktrace: Backtrace:
	Ordinal0 [0x00D29563+2725219]
	Ordinal0 [0x00C28551+1672529]
	Ordinal0 [0x00B10359+525145]
	Ordinal0 [0x00AA0B77+68471]
	Ordinal0 [0x00A9D32C+54060]
	Ordinal0 [0x00ABCC37+183351]
	Ordinal0 [0x00ABCA3D+182845]
	Ordinal0 [0x00ABA94B+174411]
	Ordinal0 [0x00AA2528+75048]
	Ordinal0 [0x00AA35A0+79264]
	Ordinal0 [0x00AA3539+79161]
	Ordinal0 [0x00C3D607+1758727]
	GetHandleVerifier [0x00E46546+1050150]
	GetHandleVerifier [0x00E46291+1049457]
	GetHandleVerifier [0x00E510D7+1094071]
	GetHandleVerifier [0x00E46B46+1051686]
	Ordinal0 [0x00C35B06+1727238]
	Ordinal0 [0x00C3EB7B+1764219]
	Ordinal0 [0x00C3ECE3+1764579]
	Ordinal0 [0x00C54C05+1854469]
	BaseThreadInitThunk [0x76A86359+25]
	RtlGetAppContainerNamedObjectPath [0x774C7C24+228]
	RtlGetAppContainerNamedObjectPath [0x774C7BF4+180]

	at utils.DriverInitialization.beforeTest(DriverInitialization.java:163)
... Removed 27 stack frames</div></td></tr></table><p class="totop"><a href="#summary">back to summary</a></p></body></html>