<?xml version="1.0" encoding="UTF-8"?>
<testng-results skipped="3" failed="0" ignored="0" total="3" passed="0">
  <reporter-output>
  </reporter-output>
  <suite name="Regression" duration-ms="3405" started-at="2020-09-12T18:04:39Z" finished-at="2020-09-12T18:04:42Z">
    <groups>
    </groups>
    <test name="Regression" duration-ms="3405" started-at="2020-09-12T18:04:39Z" finished-at="2020-09-12T18:04:42Z">
      <class name="home.Home_Regression">
        <test-method status="PASS" signature="beforeSuite()[pri:0, instance:home.Home_Regression@78e67e0a]" name="beforeSuite" is-config="true" duration-ms="91" started-at="2020-09-12T15:04:39Z" finished-at="2020-09-12T15:04:39Z">
          <reporter-output>
          </reporter-output>
        </test-method> <!-- beforeSuite -->
        <test-method status="FAIL" signature="beforeTest(java.lang.String)[pri:0, instance:home.Home_Regression@78e67e0a]" name="beforeTest" is-config="true" duration-ms="3189" started-at="2020-09-12T15:04:39Z" finished-at="2020-09-12T15:04:42Z">
          <params>
            <param index="0">
              <value>
                <![CDATA[chrome]]>
              </value>
            </param>
          </params>
          <exception class="java.lang.AssertionError">
            <message>
              <![CDATA[session not created: This version of ChromeDriver only supports Chrome version 83
Build info: version: '3.141.59', revision: 'e82be7d358', time: '2018-11-14T08:17:03'
System info: host: 'LAPTOP-2N9QPVCQ', ip: '169.254.2.126', os.name: 'Windows 10', os.arch: 'amd64', os.version: '10.0', java.version: '1.8.0_261'
Driver info: driver.version: ChromeDriver
remote stacktrace: Backtrace:
	Ordinal0 [0x00D29563+2725219]
	Ordinal0 [0x00C28551+1672529]
	Ordinal0 [0x00B10359+525145]
	Ordinal0 [0x00AA0B77+68471]
	Ordinal0 [0x00A9D32C+54060]
	Ordinal0 [0x00ABCC37+183351]
	Ordinal0 [0x00ABCA3D+182845]
	Ordinal0 [0x00ABA94B+174411]
	Ordinal0 [0x00AA2528+75048]
	Ordinal0 [0x00AA35A0+79264]
	Ordinal0 [0x00AA3539+79161]
	Ordinal0 [0x00C3D607+1758727]
	GetHandleVerifier [0x00E46546+1050150]
	GetHandleVerifier [0x00E46291+1049457]
	GetHandleVerifier [0x00E510D7+1094071]
	GetHandleVerifier [0x00E46B46+1051686]
	Ordinal0 [0x00C35B06+1727238]
	Ordinal0 [0x00C3EB7B+1764219]
	Ordinal0 [0x00C3ECE3+1764579]
	Ordinal0 [0x00C54C05+1854469]
	BaseThreadInitThunk [0x76A86359+25]
	RtlGetAppContainerNamedObjectPath [0x774C7C24+228]
	RtlGetAppContainerNamedObjectPath [0x774C7BF4+180]
]]>
            </message>
            <full-stacktrace>
              <![CDATA[java.lang.AssertionError: session not created: This version of ChromeDriver only supports Chrome version 83
Build info: version: '3.141.59', revision: 'e82be7d358', time: '2018-11-14T08:17:03'
System info: host: 'LAPTOP-2N9QPVCQ', ip: '169.254.2.126', os.name: 'Windows 10', os.arch: 'amd64', os.version: '10.0', java.version: '1.8.0_261'
Driver info: driver.version: ChromeDriver
remote stacktrace: Backtrace:
	Ordinal0 [0x00D29563+2725219]
	Ordinal0 [0x00C28551+1672529]
	Ordinal0 [0x00B10359+525145]
	Ordinal0 [0x00AA0B77+68471]
	Ordinal0 [0x00A9D32C+54060]
	Ordinal0 [0x00ABCC37+183351]
	Ordinal0 [0x00ABCA3D+182845]
	Ordinal0 [0x00ABA94B+174411]
	Ordinal0 [0x00AA2528+75048]
	Ordinal0 [0x00AA35A0+79264]
	Ordinal0 [0x00AA3539+79161]
	Ordinal0 [0x00C3D607+1758727]
	GetHandleVerifier [0x00E46546+1050150]
	GetHandleVerifier [0x00E46291+1049457]
	GetHandleVerifier [0x00E510D7+1094071]
	GetHandleVerifier [0x00E46B46+1051686]
	Ordinal0 [0x00C35B06+1727238]
	Ordinal0 [0x00C3EB7B+1764219]
	Ordinal0 [0x00C3ECE3+1764579]
	Ordinal0 [0x00C54C05+1854469]
	BaseThreadInitThunk [0x76A86359+25]
	RtlGetAppContainerNamedObjectPath [0x774C7C24+228]
	RtlGetAppContainerNamedObjectPath [0x774C7BF4+180]

	at org.testng.Assert.fail(Assert.java:93)
	at utils.DriverInitialization.beforeTest(DriverInitialization.java:163)
	at sun.reflect.NativeMethodAccessorImpl.invoke0(Native Method)
	at sun.reflect.NativeMethodAccessorImpl.invoke(NativeMethodAccessorImpl.java:62)
	at sun.reflect.DelegatingMethodAccessorImpl.invoke(DelegatingMethodAccessorImpl.java:43)
	at java.lang.reflect.Method.invoke(Method.java:498)
	at org.testng.internal.MethodInvocationHelper.invokeMethod(MethodInvocationHelper.java:108)
	at org.testng.internal.Invoker.invokeConfigurationMethod(Invoker.java:523)
	at org.testng.internal.Invoker.invokeConfigurations(Invoker.java:224)
	at org.testng.internal.Invoker.invokeConfigurations(Invoker.java:146)
	at org.testng.internal.TestMethodWorker.invokeBeforeClassMethods(TestMethodWorker.java:166)
	at org.testng.internal.TestMethodWorker.run(TestMethodWorker.java:105)
	at org.testng.TestRunner.privateRun(TestRunner.java:744)
	at org.testng.TestRunner.run(TestRunner.java:602)
	at org.testng.SuiteRunner.runTest(SuiteRunner.java:380)
	at org.testng.SuiteRunner.runSequentially(SuiteRunner.java:375)
	at org.testng.SuiteRunner.privateRun(SuiteRunner.java:340)
	at org.testng.SuiteRunner.run(SuiteRunner.java:289)
	at org.testng.SuiteRunnerWorker.runSuite(SuiteRunnerWorker.java:52)
	at org.testng.SuiteRunnerWorker.run(SuiteRunnerWorker.java:86)
	at org.testng.TestNG.runSuitesSequentially(TestNG.java:1301)
	at org.testng.TestNG.runSuitesSequentially(TestNG.java:1297)
	at org.testng.TestNG.runSuitesLocally(TestNG.java:1226)
	at org.testng.TestNG.runSuites(TestNG.java:1144)
	at org.testng.TestNG.run(TestNG.java:1115)
	at org.testng.remote.AbstractRemoteTestNG.run(AbstractRemoteTestNG.java:114)
	at org.testng.remote.RemoteTestNG.initAndRun(RemoteTestNG.java:251)
	at org.testng.remote.RemoteTestNG.main(RemoteTestNG.java:77)
]]>
            </full-stacktrace>
          </exception> <!-- java.lang.AssertionError -->
          <reporter-output>
          </reporter-output>
        </test-method> <!-- beforeTest -->
        <test-method status="SKIP" signature="initialization()[pri:0, instance:home.Home_Regression@78e67e0a]" name="initialization" is-config="true" duration-ms="0" started-at="2020-09-12T15:04:42Z" finished-at="2020-09-12T15:04:42Z">
          <reporter-output>
          </reporter-output>
        </test-method> <!-- initialization -->
        <test-method status="SKIP" signature="BeforeMethod(java.lang.reflect.Method, [Ljava.lang.Object;, org.testng.ITestContext)[pri:0, instance:home.Home_Regression@78e67e0a]" name="BeforeMethod" is-config="true" duration-ms="0" started-at="2020-09-12T15:04:42Z" finished-at="2020-09-12T15:04:42Z">
          <reporter-output>
          </reporter-output>
        </test-method> <!-- BeforeMethod -->
        <test-method status="SKIP" signature="validateWishListItemFunctionality()[pri:1, instance:home.Home_Regression@78e67e0a]" name="validateWishListItemFunctionality" duration-ms="1" started-at="2020-09-12T15:04:42Z" description="Validate wishlist item functionality" finished-at="2020-09-12T15:04:42Z">
          <exception class="java.lang.AssertionError">
            <message>
              <![CDATA[session not created: This version of ChromeDriver only supports Chrome version 83
Build info: version: '3.141.59', revision: 'e82be7d358', time: '2018-11-14T08:17:03'
System info: host: 'LAPTOP-2N9QPVCQ', ip: '169.254.2.126', os.name: 'Windows 10', os.arch: 'amd64', os.version: '10.0', java.version: '1.8.0_261'
Driver info: driver.version: ChromeDriver
remote stacktrace: Backtrace:
	Ordinal0 [0x00D29563+2725219]
	Ordinal0 [0x00C28551+1672529]
	Ordinal0 [0x00B10359+525145]
	Ordinal0 [0x00AA0B77+68471]
	Ordinal0 [0x00A9D32C+54060]
	Ordinal0 [0x00ABCC37+183351]
	Ordinal0 [0x00ABCA3D+182845]
	Ordinal0 [0x00ABA94B+174411]
	Ordinal0 [0x00AA2528+75048]
	Ordinal0 [0x00AA35A0+79264]
	Ordinal0 [0x00AA3539+79161]
	Ordinal0 [0x00C3D607+1758727]
	GetHandleVerifier [0x00E46546+1050150]
	GetHandleVerifier [0x00E46291+1049457]
	GetHandleVerifier [0x00E510D7+1094071]
	GetHandleVerifier [0x00E46B46+1051686]
	Ordinal0 [0x00C35B06+1727238]
	Ordinal0 [0x00C3EB7B+1764219]
	Ordinal0 [0x00C3ECE3+1764579]
	Ordinal0 [0x00C54C05+1854469]
	BaseThreadInitThunk [0x76A86359+25]
	RtlGetAppContainerNamedObjectPath [0x774C7C24+228]
	RtlGetAppContainerNamedObjectPath [0x774C7BF4+180]
]]>
            </message>
            <full-stacktrace>
              <![CDATA[java.lang.AssertionError: session not created: This version of ChromeDriver only supports Chrome version 83
Build info: version: '3.141.59', revision: 'e82be7d358', time: '2018-11-14T08:17:03'
System info: host: 'LAPTOP-2N9QPVCQ', ip: '169.254.2.126', os.name: 'Windows 10', os.arch: 'amd64', os.version: '10.0', java.version: '1.8.0_261'
Driver info: driver.version: ChromeDriver
remote stacktrace: Backtrace:
	Ordinal0 [0x00D29563+2725219]
	Ordinal0 [0x00C28551+1672529]
	Ordinal0 [0x00B10359+525145]
	Ordinal0 [0x00AA0B77+68471]
	Ordinal0 [0x00A9D32C+54060]
	Ordinal0 [0x00ABCC37+183351]
	Ordinal0 [0x00ABCA3D+182845]
	Ordinal0 [0x00ABA94B+174411]
	Ordinal0 [0x00AA2528+75048]
	Ordinal0 [0x00AA35A0+79264]
	Ordinal0 [0x00AA3539+79161]
	Ordinal0 [0x00C3D607+1758727]
	GetHandleVerifier [0x00E46546+1050150]
	GetHandleVerifier [0x00E46291+1049457]
	GetHandleVerifier [0x00E510D7+1094071]
	GetHandleVerifier [0x00E46B46+1051686]
	Ordinal0 [0x00C35B06+1727238]
	Ordinal0 [0x00C3EB7B+1764219]
	Ordinal0 [0x00C3ECE3+1764579]
	Ordinal0 [0x00C54C05+1854469]
	BaseThreadInitThunk [0x76A86359+25]
	RtlGetAppContainerNamedObjectPath [0x774C7C24+228]
	RtlGetAppContainerNamedObjectPath [0x774C7BF4+180]

	at org.testng.Assert.fail(Assert.java:93)
	at utils.DriverInitialization.beforeTest(DriverInitialization.java:163)
	at sun.reflect.NativeMethodAccessorImpl.invoke0(Native Method)
	at sun.reflect.NativeMethodAccessorImpl.invoke(NativeMethodAccessorImpl.java:62)
	at sun.reflect.DelegatingMethodAccessorImpl.invoke(DelegatingMethodAccessorImpl.java:43)
	at java.lang.reflect.Method.invoke(Method.java:498)
	at org.testng.internal.MethodInvocationHelper.invokeMethod(MethodInvocationHelper.java:108)
	at org.testng.internal.Invoker.invokeConfigurationMethod(Invoker.java:523)
	at org.testng.internal.Invoker.invokeConfigurations(Invoker.java:224)
	at org.testng.internal.Invoker.invokeConfigurations(Invoker.java:146)
	at org.testng.internal.TestMethodWorker.invokeBeforeClassMethods(TestMethodWorker.java:166)
	at org.testng.internal.TestMethodWorker.run(TestMethodWorker.java:105)
	at org.testng.TestRunner.privateRun(TestRunner.java:744)
	at org.testng.TestRunner.run(TestRunner.java:602)
	at org.testng.SuiteRunner.runTest(SuiteRunner.java:380)
	at org.testng.SuiteRunner.runSequentially(SuiteRunner.java:375)
	at org.testng.SuiteRunner.privateRun(SuiteRunner.java:340)
	at org.testng.SuiteRunner.run(SuiteRunner.java:289)
	at org.testng.SuiteRunnerWorker.runSuite(SuiteRunnerWorker.java:52)
	at org.testng.SuiteRunnerWorker.run(SuiteRunnerWorker.java:86)
	at org.testng.TestNG.runSuitesSequentially(TestNG.java:1301)
	at org.testng.TestNG.runSuitesSequentially(TestNG.java:1297)
	at org.testng.TestNG.runSuitesLocally(TestNG.java:1226)
	at org.testng.TestNG.runSuites(TestNG.java:1144)
	at org.testng.TestNG.run(TestNG.java:1115)
	at org.testng.remote.AbstractRemoteTestNG.run(AbstractRemoteTestNG.java:114)
	at org.testng.remote.RemoteTestNG.initAndRun(RemoteTestNG.java:251)
	at org.testng.remote.RemoteTestNG.main(RemoteTestNG.java:77)
]]>
            </full-stacktrace>
          </exception> <!-- java.lang.AssertionError -->
          <reporter-output>
          </reporter-output>
        </test-method> <!-- validateWishListItemFunctionality -->
        <test-method status="SKIP" signature="BeforeMethod(java.lang.reflect.Method, [Ljava.lang.Object;, org.testng.ITestContext)[pri:0, instance:home.Home_Regression@78e67e0a]" name="BeforeMethod" is-config="true" duration-ms="0" started-at="2020-09-12T15:04:42Z" finished-at="2020-09-12T15:04:42Z">
          <reporter-output>
          </reporter-output>
        </test-method> <!-- BeforeMethod -->
        <test-method status="SKIP" signature="validateCartFunctionality()[pri:2, instance:home.Home_Regression@78e67e0a]" name="validateCartFunctionality" duration-ms="0" started-at="2020-09-12T15:04:42Z" description="Validate cart functionality" finished-at="2020-09-12T15:04:42Z">
          <exception class="java.lang.AssertionError">
            <message>
              <![CDATA[session not created: This version of ChromeDriver only supports Chrome version 83
Build info: version: '3.141.59', revision: 'e82be7d358', time: '2018-11-14T08:17:03'
System info: host: 'LAPTOP-2N9QPVCQ', ip: '169.254.2.126', os.name: 'Windows 10', os.arch: 'amd64', os.version: '10.0', java.version: '1.8.0_261'
Driver info: driver.version: ChromeDriver
remote stacktrace: Backtrace:
	Ordinal0 [0x00D29563+2725219]
	Ordinal0 [0x00C28551+1672529]
	Ordinal0 [0x00B10359+525145]
	Ordinal0 [0x00AA0B77+68471]
	Ordinal0 [0x00A9D32C+54060]
	Ordinal0 [0x00ABCC37+183351]
	Ordinal0 [0x00ABCA3D+182845]
	Ordinal0 [0x00ABA94B+174411]
	Ordinal0 [0x00AA2528+75048]
	Ordinal0 [0x00AA35A0+79264]
	Ordinal0 [0x00AA3539+79161]
	Ordinal0 [0x00C3D607+1758727]
	GetHandleVerifier [0x00E46546+1050150]
	GetHandleVerifier [0x00E46291+1049457]
	GetHandleVerifier [0x00E510D7+1094071]
	GetHandleVerifier [0x00E46B46+1051686]
	Ordinal0 [0x00C35B06+1727238]
	Ordinal0 [0x00C3EB7B+1764219]
	Ordinal0 [0x00C3ECE3+1764579]
	Ordinal0 [0x00C54C05+1854469]
	BaseThreadInitThunk [0x76A86359+25]
	RtlGetAppContainerNamedObjectPath [0x774C7C24+228]
	RtlGetAppContainerNamedObjectPath [0x774C7BF4+180]
]]>
            </message>
            <full-stacktrace>
              <![CDATA[java.lang.AssertionError: session not created: This version of ChromeDriver only supports Chrome version 83
Build info: version: '3.141.59', revision: 'e82be7d358', time: '2018-11-14T08:17:03'
System info: host: 'LAPTOP-2N9QPVCQ', ip: '169.254.2.126', os.name: 'Windows 10', os.arch: 'amd64', os.version: '10.0', java.version: '1.8.0_261'
Driver info: driver.version: ChromeDriver
remote stacktrace: Backtrace:
	Ordinal0 [0x00D29563+2725219]
	Ordinal0 [0x00C28551+1672529]
	Ordinal0 [0x00B10359+525145]
	Ordinal0 [0x00AA0B77+68471]
	Ordinal0 [0x00A9D32C+54060]
	Ordinal0 [0x00ABCC37+183351]
	Ordinal0 [0x00ABCA3D+182845]
	Ordinal0 [0x00ABA94B+174411]
	Ordinal0 [0x00AA2528+75048]
	Ordinal0 [0x00AA35A0+79264]
	Ordinal0 [0x00AA3539+79161]
	Ordinal0 [0x00C3D607+1758727]
	GetHandleVerifier [0x00E46546+1050150]
	GetHandleVerifier [0x00E46291+1049457]
	GetHandleVerifier [0x00E510D7+1094071]
	GetHandleVerifier [0x00E46B46+1051686]
	Ordinal0 [0x00C35B06+1727238]
	Ordinal0 [0x00C3EB7B+1764219]
	Ordinal0 [0x00C3ECE3+1764579]
	Ordinal0 [0x00C54C05+1854469]
	BaseThreadInitThunk [0x76A86359+25]
	RtlGetAppContainerNamedObjectPath [0x774C7C24+228]
	RtlGetAppContainerNamedObjectPath [0x774C7BF4+180]

	at org.testng.Assert.fail(Assert.java:93)
	at utils.DriverInitialization.beforeTest(DriverInitialization.java:163)
	at sun.reflect.NativeMethodAccessorImpl.invoke0(Native Method)
	at sun.reflect.NativeMethodAccessorImpl.invoke(NativeMethodAccessorImpl.java:62)
	at sun.reflect.DelegatingMethodAccessorImpl.invoke(DelegatingMethodAccessorImpl.java:43)
	at java.lang.reflect.Method.invoke(Method.java:498)
	at org.testng.internal.MethodInvocationHelper.invokeMethod(MethodInvocationHelper.java:108)
	at org.testng.internal.Invoker.invokeConfigurationMethod(Invoker.java:523)
	at org.testng.internal.Invoker.invokeConfigurations(Invoker.java:224)
	at org.testng.internal.Invoker.invokeConfigurations(Invoker.java:146)
	at org.testng.internal.TestMethodWorker.invokeBeforeClassMethods(TestMethodWorker.java:166)
	at org.testng.internal.TestMethodWorker.run(TestMethodWorker.java:105)
	at org.testng.TestRunner.privateRun(TestRunner.java:744)
	at org.testng.TestRunner.run(TestRunner.java:602)
	at org.testng.SuiteRunner.runTest(SuiteRunner.java:380)
	at org.testng.SuiteRunner.runSequentially(SuiteRunner.java:375)
	at org.testng.SuiteRunner.privateRun(SuiteRunner.java:340)
	at org.testng.SuiteRunner.run(SuiteRunner.java:289)
	at org.testng.SuiteRunnerWorker.runSuite(SuiteRunnerWorker.java:52)
	at org.testng.SuiteRunnerWorker.run(SuiteRunnerWorker.java:86)
	at org.testng.TestNG.runSuitesSequentially(TestNG.java:1301)
	at org.testng.TestNG.runSuitesSequentially(TestNG.java:1297)
	at org.testng.TestNG.runSuitesLocally(TestNG.java:1226)
	at org.testng.TestNG.runSuites(TestNG.java:1144)
	at org.testng.TestNG.run(TestNG.java:1115)
	at org.testng.remote.AbstractRemoteTestNG.run(AbstractRemoteTestNG.java:114)
	at org.testng.remote.RemoteTestNG.initAndRun(RemoteTestNG.java:251)
	at org.testng.remote.RemoteTestNG.main(RemoteTestNG.java:77)
]]>
            </full-stacktrace>
          </exception> <!-- java.lang.AssertionError -->
          <reporter-output>
          </reporter-output>
        </test-method> <!-- validateCartFunctionality -->
        <test-method status="SKIP" signature="BeforeMethod(java.lang.reflect.Method, [Ljava.lang.Object;, org.testng.ITestContext)[pri:0, instance:home.Home_Regression@78e67e0a]" name="BeforeMethod" is-config="true" duration-ms="0" started-at="2020-09-12T15:04:42Z" finished-at="2020-09-12T15:04:42Z">
          <reporter-output>
          </reporter-output>
        </test-method> <!-- BeforeMethod -->
        <test-method status="SKIP" signature="validateLogoutFunctionality()[pri:3, instance:home.Home_Regression@78e67e0a]" name="validateLogoutFunctionality" duration-ms="0" started-at="2020-09-12T15:04:42Z" description="Validate Logout Functionality" finished-at="2020-09-12T15:04:42Z">
          <exception class="java.lang.AssertionError">
            <message>
              <![CDATA[session not created: This version of ChromeDriver only supports Chrome version 83
Build info: version: '3.141.59', revision: 'e82be7d358', time: '2018-11-14T08:17:03'
System info: host: 'LAPTOP-2N9QPVCQ', ip: '169.254.2.126', os.name: 'Windows 10', os.arch: 'amd64', os.version: '10.0', java.version: '1.8.0_261'
Driver info: driver.version: ChromeDriver
remote stacktrace: Backtrace:
	Ordinal0 [0x00D29563+2725219]
	Ordinal0 [0x00C28551+1672529]
	Ordinal0 [0x00B10359+525145]
	Ordinal0 [0x00AA0B77+68471]
	Ordinal0 [0x00A9D32C+54060]
	Ordinal0 [0x00ABCC37+183351]
	Ordinal0 [0x00ABCA3D+182845]
	Ordinal0 [0x00ABA94B+174411]
	Ordinal0 [0x00AA2528+75048]
	Ordinal0 [0x00AA35A0+79264]
	Ordinal0 [0x00AA3539+79161]
	Ordinal0 [0x00C3D607+1758727]
	GetHandleVerifier [0x00E46546+1050150]
	GetHandleVerifier [0x00E46291+1049457]
	GetHandleVerifier [0x00E510D7+1094071]
	GetHandleVerifier [0x00E46B46+1051686]
	Ordinal0 [0x00C35B06+1727238]
	Ordinal0 [0x00C3EB7B+1764219]
	Ordinal0 [0x00C3ECE3+1764579]
	Ordinal0 [0x00C54C05+1854469]
	BaseThreadInitThunk [0x76A86359+25]
	RtlGetAppContainerNamedObjectPath [0x774C7C24+228]
	RtlGetAppContainerNamedObjectPath [0x774C7BF4+180]
]]>
            </message>
            <full-stacktrace>
              <![CDATA[java.lang.AssertionError: session not created: This version of ChromeDriver only supports Chrome version 83
Build info: version: '3.141.59', revision: 'e82be7d358', time: '2018-11-14T08:17:03'
System info: host: 'LAPTOP-2N9QPVCQ', ip: '169.254.2.126', os.name: 'Windows 10', os.arch: 'amd64', os.version: '10.0', java.version: '1.8.0_261'
Driver info: driver.version: ChromeDriver
remote stacktrace: Backtrace:
	Ordinal0 [0x00D29563+2725219]
	Ordinal0 [0x00C28551+1672529]
	Ordinal0 [0x00B10359+525145]
	Ordinal0 [0x00AA0B77+68471]
	Ordinal0 [0x00A9D32C+54060]
	Ordinal0 [0x00ABCC37+183351]
	Ordinal0 [0x00ABCA3D+182845]
	Ordinal0 [0x00ABA94B+174411]
	Ordinal0 [0x00AA2528+75048]
	Ordinal0 [0x00AA35A0+79264]
	Ordinal0 [0x00AA3539+79161]
	Ordinal0 [0x00C3D607+1758727]
	GetHandleVerifier [0x00E46546+1050150]
	GetHandleVerifier [0x00E46291+1049457]
	GetHandleVerifier [0x00E510D7+1094071]
	GetHandleVerifier [0x00E46B46+1051686]
	Ordinal0 [0x00C35B06+1727238]
	Ordinal0 [0x00C3EB7B+1764219]
	Ordinal0 [0x00C3ECE3+1764579]
	Ordinal0 [0x00C54C05+1854469]
	BaseThreadInitThunk [0x76A86359+25]
	RtlGetAppContainerNamedObjectPath [0x774C7C24+228]
	RtlGetAppContainerNamedObjectPath [0x774C7BF4+180]

	at org.testng.Assert.fail(Assert.java:93)
	at utils.DriverInitialization.beforeTest(DriverInitialization.java:163)
	at sun.reflect.NativeMethodAccessorImpl.invoke0(Native Method)
	at sun.reflect.NativeMethodAccessorImpl.invoke(NativeMethodAccessorImpl.java:62)
	at sun.reflect.DelegatingMethodAccessorImpl.invoke(DelegatingMethodAccessorImpl.java:43)
	at java.lang.reflect.Method.invoke(Method.java:498)
	at org.testng.internal.MethodInvocationHelper.invokeMethod(MethodInvocationHelper.java:108)
	at org.testng.internal.Invoker.invokeConfigurationMethod(Invoker.java:523)
	at org.testng.internal.Invoker.invokeConfigurations(Invoker.java:224)
	at org.testng.internal.Invoker.invokeConfigurations(Invoker.java:146)
	at org.testng.internal.TestMethodWorker.invokeBeforeClassMethods(TestMethodWorker.java:166)
	at org.testng.internal.TestMethodWorker.run(TestMethodWorker.java:105)
	at org.testng.TestRunner.privateRun(TestRunner.java:744)
	at org.testng.TestRunner.run(TestRunner.java:602)
	at org.testng.SuiteRunner.runTest(SuiteRunner.java:380)
	at org.testng.SuiteRunner.runSequentially(SuiteRunner.java:375)
	at org.testng.SuiteRunner.privateRun(SuiteRunner.java:340)
	at org.testng.SuiteRunner.run(SuiteRunner.java:289)
	at org.testng.SuiteRunnerWorker.runSuite(SuiteRunnerWorker.java:52)
	at org.testng.SuiteRunnerWorker.run(SuiteRunnerWorker.java:86)
	at org.testng.TestNG.runSuitesSequentially(TestNG.java:1301)
	at org.testng.TestNG.runSuitesSequentially(TestNG.java:1297)
	at org.testng.TestNG.runSuitesLocally(TestNG.java:1226)
	at org.testng.TestNG.runSuites(TestNG.java:1144)
	at org.testng.TestNG.run(TestNG.java:1115)
	at org.testng.remote.AbstractRemoteTestNG.run(AbstractRemoteTestNG.java:114)
	at org.testng.remote.RemoteTestNG.initAndRun(RemoteTestNG.java:251)
	at org.testng.remote.RemoteTestNG.main(RemoteTestNG.java:77)
]]>
            </full-stacktrace>
          </exception> <!-- java.lang.AssertionError -->
          <reporter-output>
          </reporter-output>
        </test-method> <!-- validateLogoutFunctionality -->
        <test-method status="PASS" signature="closeBrowser()[pri:0, instance:home.Home_Regression@78e67e0a]" name="closeBrowser" is-config="true" duration-ms="89" started-at="2020-09-12T15:04:42Z" finished-at="2020-09-12T15:04:42Z">
          <reporter-output>
          </reporter-output>
        </test-method> <!-- closeBrowser -->
      </class> <!-- home.Home_Regression -->
    </test> <!-- Regression -->
  </suite> <!-- Regression -->
  <suite name="AutomationSuite" duration-ms="0" started-at="2020-09-12T18:04:43Z" finished-at="2020-09-12T18:04:43Z">
    <groups>
    </groups>
  </suite> <!-- AutomationSuite -->
</testng-results>
