<?xml version="1.0" encoding="UTF-8"?>
<!-- Generated by org.testng.reporters.JUnitReportReporter -->
<testsuite skipped="3" hostname="LAPTOP-2N9QPVCQ" name="home.Home_Regression" tests="4" failures="1" timestamp="12 Sep 2020 18:04:43 GMT" time="3.190" errors="0">
  <testcase name="beforeTest" time="3.189" classname="home.Home_Regression">
    <failure type="java.lang.AssertionError" message="session not created: This version of ChromeDriver only supports Chrome version 83
Build info: version: &#039;3.141.59&#039;, revision: &#039;e82be7d358&#039;, time: &#039;2018-11-14T08:17:03&#039;
System info: host: &#039;LAPTOP-2N9QPVCQ&#039;, ip: &#039;169.254.2.126&#039;, os.name: &#039;Windows 10&#039;, os.arch: &#039;amd64&#039;, os.version: &#039;10.0&#039;, java.version: &#039;1.8.0_261&#039;
Driver info: driver.version: ChromeDriver
remote stacktrace: Backtrace:
	Ordinal0 [0x00D29563+2725219]
	Ordinal0 [0x00C28551+1672529]
	Ordinal0 [0x00B10359+525145]
	Ordinal0 [0x00AA0B77+68471]
	Ordinal0 [0x00A9D32C+54060]
	Ordinal0 [0x00ABCC37+183351]
	Ordinal0 [0x00ABCA3D+182845]
	Ordinal0 [0x00ABA94B+174411]
	Ordinal0 [0x00AA2528+75048]
	Ordinal0 [0x00AA35A0+79264]
	Ordinal0 [0x00AA3539+79161]
	Ordinal0 [0x00C3D607+1758727]
	GetHandleVerifier [0x00E46546+1050150]
	GetHandleVerifier [0x00E46291+1049457]
	GetHandleVerifier [0x00E510D7+1094071]
	GetHandleVerifier [0x00E46B46+1051686]
	Ordinal0 [0x00C35B06+1727238]
	Ordinal0 [0x00C3EB7B+1764219]
	Ordinal0 [0x00C3ECE3+1764579]
	Ordinal0 [0x00C54C05+1854469]
	BaseThreadInitThunk [0x76A86359+25]
	RtlGetAppContainerNamedObjectPath [0x774C7C24+228]
	RtlGetAppContainerNamedObjectPath [0x774C7BF4+180]
">
      <![CDATA[java.lang.AssertionError: session not created: This version of ChromeDriver only supports Chrome version 83
Build info: version: '3.141.59', revision: 'e82be7d358', time: '2018-11-14T08:17:03'
System info: host: 'LAPTOP-2N9QPVCQ', ip: '169.254.2.126', os.name: 'Windows 10', os.arch: 'amd64', os.version: '10.0', java.version: '1.8.0_261'
Driver info: driver.version: ChromeDriver
remote stacktrace: Backtrace:
	Ordinal0 [0x00D29563+2725219]
	Ordinal0 [0x00C28551+1672529]
	Ordinal0 [0x00B10359+525145]
	Ordinal0 [0x00AA0B77+68471]
	Ordinal0 [0x00A9D32C+54060]
	Ordinal0 [0x00ABCC37+183351]
	Ordinal0 [0x00ABCA3D+182845]
	Ordinal0 [0x00ABA94B+174411]
	Ordinal0 [0x00AA2528+75048]
	Ordinal0 [0x00AA35A0+79264]
	Ordinal0 [0x00AA3539+79161]
	Ordinal0 [0x00C3D607+1758727]
	GetHandleVerifier [0x00E46546+1050150]
	GetHandleVerifier [0x00E46291+1049457]
	GetHandleVerifier [0x00E510D7+1094071]
	GetHandleVerifier [0x00E46B46+1051686]
	Ordinal0 [0x00C35B06+1727238]
	Ordinal0 [0x00C3EB7B+1764219]
	Ordinal0 [0x00C3ECE3+1764579]
	Ordinal0 [0x00C54C05+1854469]
	BaseThreadInitThunk [0x76A86359+25]
	RtlGetAppContainerNamedObjectPath [0x774C7C24+228]
	RtlGetAppContainerNamedObjectPath [0x774C7BF4+180]

	at org.testng.Assert.fail(Assert.java:93)
	at utils.DriverInitialization.beforeTest(DriverInitialization.java:163)
	at sun.reflect.NativeMethodAccessorImpl.invoke0(Native Method)
	at sun.reflect.NativeMethodAccessorImpl.invoke(NativeMethodAccessorImpl.java:62)
	at sun.reflect.DelegatingMethodAccessorImpl.invoke(DelegatingMethodAccessorImpl.java:43)
	at java.lang.reflect.Method.invoke(Method.java:498)
	at org.testng.internal.MethodInvocationHelper.invokeMethod(MethodInvocationHelper.java:108)
	at org.testng.internal.Invoker.invokeConfigurationMethod(Invoker.java:523)
	at org.testng.internal.Invoker.invokeConfigurations(Invoker.java:224)
	at org.testng.internal.Invoker.invokeConfigurations(Invoker.java:146)
	at org.testng.internal.TestMethodWorker.invokeBeforeClassMethods(TestMethodWorker.java:166)
	at org.testng.internal.TestMethodWorker.run(TestMethodWorker.java:105)
	at org.testng.TestRunner.privateRun(TestRunner.java:744)
	at org.testng.TestRunner.run(TestRunner.java:602)
	at org.testng.SuiteRunner.runTest(SuiteRunner.java:380)
	at org.testng.SuiteRunner.runSequentially(SuiteRunner.java:375)
	at org.testng.SuiteRunner.privateRun(SuiteRunner.java:340)
	at org.testng.SuiteRunner.run(SuiteRunner.java:289)
	at org.testng.SuiteRunnerWorker.runSuite(SuiteRunnerWorker.java:52)
	at org.testng.SuiteRunnerWorker.run(SuiteRunnerWorker.java:86)
	at org.testng.TestNG.runSuitesSequentially(TestNG.java:1301)
	at org.testng.TestNG.runSuitesSequentially(TestNG.java:1297)
	at org.testng.TestNG.runSuitesLocally(TestNG.java:1226)
	at org.testng.TestNG.runSuites(TestNG.java:1144)
	at org.testng.TestNG.run(TestNG.java:1115)
	at org.testng.remote.AbstractRemoteTestNG.run(AbstractRemoteTestNG.java:114)
	at org.testng.remote.RemoteTestNG.initAndRun(RemoteTestNG.java:251)
	at org.testng.remote.RemoteTestNG.main(RemoteTestNG.java:77)
]]>
    </failure>
  </testcase> <!-- beforeTest -->
  <testcase name="validateWishListItemFunctionality" time="0.001" classname="home.Home_Regression">
    <skipped/>
  </testcase> <!-- validateWishListItemFunctionality -->
  <testcase name="validateCartFunctionality" time="0.000" classname="home.Home_Regression">
    <skipped/>
  </testcase> <!-- validateCartFunctionality -->
  <testcase name="validateLogoutFunctionality" time="0.000" classname="home.Home_Regression">
    <skipped/>
  </testcase> <!-- validateLogoutFunctionality -->
</testsuite> <!-- home.Home_Regression -->
